TN:
SF:repositories\scheduleRepository.js
FN:10,(anonymous_0)
FN:28,(anonymous_1)
FN:43,(anonymous_2)
FN:58,(anonymous_3)
FNF:4
FNH:0
FNDA:0,(anonymous_0)
FNDA:0,(anonymous_1)
FNDA:0,(anonymous_2)
FNDA:0,(anonymous_3)
DA:10,1
DA:11,0
DA:18,0
DA:19,0
DA:28,1
DA:29,0
DA:35,0
DA:36,0
DA:43,1
DA:44,0
DA:49,0
DA:50,0
DA:58,1
DA:59,0
DA:60,0
DA:61,0
LF:16
LH:4
BRDA:36,0,0,0
BRDA:36,0,1,0
BRF:2
BRH:0
end_of_record
TN:
SF:scripts\workers\importQueue.js
FN:42,cleanupStuckJobs
FN:61,generateErrorFile
FN:76,(anonymous_2)
FN:78,(anonymous_3)
FN:107,(anonymous_4)
FN:115,(anonymous_5)
FN:117,(anonymous_6)
FN:122,(anonymous_7)
FN:156,isRetriableError
FN:168,(anonymous_9)
FN:223,(anonymous_10)
FN:285,(anonymous_11)
FN:312,(anonymous_12)
FN:330,(anonymous_13)
FN:471,(anonymous_14)
FNF:15
FNH:2
FNDA:3,cleanupStuckJobs
FNDA:0,generateErrorFile
FNDA:0,(anonymous_2)
FNDA:0,(anonymous_3)
FNDA:0,(anonymous_4)
FNDA:0,(anonymous_5)
FNDA:0,(anonymous_6)
FNDA:0,(anonymous_7)
FNDA:0,isRetriableError
FNDA:3,(anonymous_9)
FNDA:0,(anonymous_10)
FNDA:0,(anonymous_11)
FNDA:0,(anonymous_12)
FNDA:0,(anonymous_13)
FNDA:0,(anonymous_14)
DA:24,1
DA:25,1
DA:26,1
DA:29,1
DA:30,1
DA:32,1
DA:33,0
DA:34,0
DA:36,0
DA:43,3
DA:44,3
DA:53,0
DA:54,0
DA:57,3
DA:62,0
DA:64,0
DA:66,0
DA:67,0
DA:70,0
DA:76,0
DA:78,0
DA:81,0
DA:82,0
DA:84,0
DA:87,0
DA:88,0
DA:90,0
DA:91,0
DA:93,0
DA:94,0
DA:96,0
DA:97,0
DA:98,0
DA:99,0
DA:100,0
DA:106,0
DA:107,0
DA:108,0
DA:111,0
DA:114,0
DA:115,0
DA:117,0
DA:118,0
DA:119,0
DA:120,0
DA:122,0
DA:123,0
DA:124,0
DA:125,0
DA:127,0
DA:128,0
DA:129,0
DA:132,0
DA:133,0
DA:135,0
DA:136,0
DA:138,0
DA:141,0
DA:142,0
DA:145,0
DA:146,0
DA:148,0
DA:149,0
DA:151,0
DA:152,0
DA:157,0
DA:158,0
DA:159,0
DA:160,0
DA:161,0
DA:162,0
DA:163,0
DA:168,1
DA:170,3
DA:172,3
DA:173,3
DA:176,3
DA:179,3
DA:181,3
DA:182,1
DA:183,1
DA:186,2
DA:189,2
DA:190,2
DA:193,2
DA:194,2
DA:195,2
DA:198,2
DA:199,0
DA:202,2
DA:203,2
DA:204,2
DA:206,2
DA:207,2
DA:208,2
DA:209,2
DA:210,2
DA:211,2
DA:212,2
DA:215,2
DA:216,2
DA:217,2
DA:218,1
DA:220,0
DA:223,2
DA:224,0
DA:225,0
DA:229,2
DA:230,2
DA:234,2
DA:235,1
DA:240,1
DA:241,1
DA:243,1
DA:244,1
DA:245,1
DA:247,1
DA:249,1
DA:258,1
DA:259,1
DA:260,1
DA:261,0
DA:262,0
DA:263,0
DA:265,0
DA:266,0
DA:269,1
DA:270,1
DA:272,1
DA:273,1
DA:275,1
DA:276,0
DA:284,0
DA:285,0
DA:286,0
DA:287,1
DA:288,1
DA:297,1
DA:298,1
DA:299,1
DA:300,0
DA:301,0
DA:311,0
DA:312,0
DA:316,0
DA:318,0
DA:319,0
DA:320,0
DA:322,0
DA:323,0
DA:329,0
DA:330,0
DA:334,0
DA:335,0
DA:336,0
DA:342,0
DA:343,0
DA:344,0
DA:345,0
DA:347,0
DA:348,0
DA:349,0
DA:351,0
DA:352,0
DA:357,0
DA:358,0
DA:359,0
DA:360,0
DA:362,0
DA:363,0
DA:364,0
DA:367,0
DA:372,2
DA:373,0
DA:374,0
DA:376,0
DA:385,0
DA:386,0
DA:389,2
DA:390,2
DA:391,0
DA:392,0
DA:393,0
DA:395,2
DA:396,0
DA:399,2
DA:400,2
DA:403,0
DA:406,2
DA:407,2
DA:408,2
DA:415,2
DA:417,0
DA:420,2
DA:421,2
DA:422,2
DA:425,2
DA:428,2
DA:429,2
DA:430,2
DA:434,2
DA:436,0
DA:438,0
DA:439,0
DA:440,0
DA:444,0
DA:446,0
DA:447,0
DA:448,0
DA:450,0
DA:457,0
DA:461,3
DA:465,1
DA:470,0
DA:471,0
DA:472,0
DA:473,0
DA:474,0
LF:218
LH:84
BRDA:32,0,0,0
BRDA:32,0,1,1
BRDA:53,1,0,0
BRDA:53,1,1,0
BRDA:61,2,0,0
BRDA:64,3,0,0
BRDA:64,3,1,0
BRDA:81,4,0,0
BRDA:81,4,1,0
BRDA:88,5,0,0
BRDA:88,5,1,0
BRDA:108,6,0,0
BRDA:108,6,1,0
BRDA:124,7,0,0
BRDA:124,7,1,0
BRDA:124,8,0,0
BRDA:124,8,1,0
BRDA:135,9,0,0
BRDA:135,9,1,0
BRDA:135,10,0,0
BRDA:135,10,1,0
BRDA:157,11,0,0
BRDA:157,11,1,0
BRDA:158,12,0,0
BRDA:158,12,1,0
BRDA:158,13,0,0
BRDA:158,13,1,0
BRDA:159,14,0,0
BRDA:159,14,1,0
BRDA:159,15,0,0
BRDA:159,15,1,0
BRDA:159,15,2,0
BRDA:161,16,0,0
BRDA:161,16,1,0
BRDA:162,17,0,0
BRDA:162,17,1,0
BRDA:181,18,0,1
BRDA:181,18,1,2
BRDA:194,19,0,2
BRDA:194,19,1,0
BRDA:198,20,0,0
BRDA:198,20,1,2
BRDA:202,21,0,0
BRDA:202,21,1,2
BRDA:217,22,0,1
BRDA:217,22,1,1
BRDA:218,23,0,1
BRDA:218,23,1,0
BRDA:230,24,0,0
BRDA:230,24,1,2
BRDA:234,25,0,1
BRDA:234,25,1,1
BRDA:241,26,0,0
BRDA:241,26,1,1
BRDA:259,27,0,1
BRDA:259,27,1,0
BRDA:261,28,0,0
BRDA:261,28,1,0
BRDA:261,29,0,0
BRDA:261,29,1,0
BRDA:265,30,0,0
BRDA:265,30,1,0
BRDA:272,31,0,0
BRDA:272,31,1,1
BRDA:273,32,0,1
BRDA:273,32,1,0
BRDA:275,33,0,0
BRDA:275,33,1,1
BRDA:285,34,0,0
BRDA:285,34,1,0
BRDA:286,35,0,0
BRDA:286,35,1,0
BRDA:287,36,0,1
BRDA:287,36,1,0
BRDA:298,37,0,1
BRDA:298,37,1,0
BRDA:299,38,0,1
BRDA:299,38,1,0
BRDA:300,39,0,0
BRDA:300,39,1,0
BRDA:300,40,0,0
BRDA:300,40,1,0
BRDA:312,41,0,0
BRDA:312,41,1,0
BRDA:314,42,0,0
BRDA:314,42,1,0
BRDA:316,43,0,0
BRDA:316,43,1,0
BRDA:318,44,0,0
BRDA:318,44,1,0
BRDA:322,45,0,0
BRDA:322,45,1,0
BRDA:330,46,0,0
BRDA:330,46,1,0
BRDA:335,47,0,0
BRDA:335,47,1,0
BRDA:342,48,0,0
BRDA:342,48,1,0
BRDA:349,49,0,0
BRDA:349,49,1,0
BRDA:351,50,0,0
BRDA:351,50,1,0
BRDA:357,51,0,0
BRDA:357,51,1,0
BRDA:364,52,0,0
BRDA:364,52,1,0
BRDA:372,53,0,0
BRDA:372,53,1,2
BRDA:390,54,0,0
BRDA:390,54,1,2
BRDA:392,55,0,0
BRDA:392,55,1,0
BRDA:395,56,0,0
BRDA:395,56,1,2
BRDA:395,57,0,2
BRDA:395,57,1,0
BRDA:400,58,0,0
BRDA:400,58,1,2
BRDA:413,59,0,0
BRDA:413,59,1,2
BRDA:420,60,0,2
BRDA:420,60,1,0
BRDA:420,61,0,2
BRDA:420,61,1,0
BRDA:421,62,0,2
BRDA:421,62,1,2
BRDA:428,63,0,2
BRDA:428,63,1,0
BRDA:438,64,0,0
BRDA:438,64,1,0
BRDA:438,65,0,0
BRDA:438,65,1,0
BRDA:444,66,0,0
BRDA:444,66,1,0
BRDA:446,67,0,0
BRDA:446,67,1,0
BRDA:446,68,0,0
BRDA:446,68,1,0
BRDA:461,69,0,3
BRDA:461,69,1,0
BRDA:465,70,0,0
BRDA:465,70,1,1
BRDA:466,71,0,1
BRDA:466,71,1,1
BRDA:466,71,2,1
BRDA:472,72,0,0
BRDA:472,72,1,0
BRF:147
BRH:36
end_of_record
TN:
SF:services\packageImportService.js
FN:13,(anonymous_0)
FN:29,(anonymous_1)
FNF:2
FNH:0
FNDA:0,(anonymous_0)
FNDA:0,(anonymous_1)
DA:13,1
DA:14,0
DA:16,0
DA:17,0
DA:18,0
DA:20,0
DA:21,0
DA:22,0
DA:23,0
DA:24,0
DA:26,0
DA:28,0
DA:29,0
DA:30,0
DA:31,0
DA:34,0
DA:35,0
DA:37,0
DA:38,0
DA:39,0
DA:40,0
DA:46,0
DA:48,0
DA:49,0
DA:50,0
DA:54,0
DA:55,0
DA:56,0
DA:57,0
DA:61,0
DA:62,0
DA:63,0
DA:65,0
DA:66,0
DA:67,0
DA:69,0
DA:71,0
DA:72,0
DA:73,0
DA:74,0
DA:75,0
DA:79,0
DA:80,0
DA:81,0
DA:82,0
DA:83,0
DA:86,0
DA:88,0
DA:91,0
DA:92,0
DA:93,0
DA:94,0
DA:98,0
DA:99,0
DA:100,0
DA:101,0
DA:107,0
DA:108,0
DA:110,0
DA:111,0
DA:115,0
DA:118,0
DA:119,0
DA:121,0
LF:64
LH:1
BRDA:26,0,0,0
BRDA:26,0,1,0
BRDA:30,1,0,0
BRDA:30,1,1,0
BRDA:39,2,0,0
BRDA:39,2,1,0
BRDA:48,3,0,0
BRDA:48,3,1,0
BRDA:55,4,0,0
BRDA:55,4,1,0
BRDA:69,5,0,0
BRDA:69,5,1,0
BRDA:72,6,0,0
BRDA:72,6,1,0
BRDA:80,7,0,0
BRDA:80,7,1,0
BRDA:80,8,0,0
BRDA:80,8,1,0
BRDA:91,9,0,0
BRDA:91,9,1,0
BRDA:92,10,0,0
BRDA:92,10,1,0
BRDA:121,11,0,0
BRDA:121,11,1,0
BRF:24
BRH:0
end_of_record
TN:
SF:services\productImportService.js
FN:5,(anonymous_0)
FNF:1
FNH:0
FNDA:0,(anonymous_0)
DA:5,1
DA:14,0
DA:15,0
DA:16,0
DA:17,0
DA:18,0
DA:21,0
DA:22,0
DA:25,0
DA:26,0
DA:28,0
DA:32,0
DA:34,0
DA:36,0
DA:37,0
DA:39,0
DA:40,0
DA:42,0
DA:44,0
DA:46,0
DA:47,0
DA:60,0
DA:61,0
DA:62,0
DA:64,0
DA:66,0
DA:69,0
DA:70,0
DA:72,0
DA:76,0
DA:86,0
DA:87,0
DA:91,0
DA:92,0
DA:99,0
DA:101,0
DA:110,0
DA:112,0
DA:115,0
DA:118,0
DA:122,0
DA:125,0
DA:128,0
DA:130,0
DA:131,0
DA:135,0
DA:136,0
DA:139,0
DA:149,0
DA:150,0
LF:50
LH:1
BRDA:11,0,0,0
BRDA:12,1,0,0
BRDA:21,2,0,0
BRDA:21,2,1,0
BRDA:46,3,0,0
BRDA:46,3,1,0
BRDA:61,4,0,0
BRDA:61,4,1,0
BRDA:61,5,0,0
BRDA:61,5,1,0
BRDA:72,6,0,0
BRDA:72,6,1,0
BRDA:77,7,0,0
BRDA:77,7,1,0
BRDA:78,8,0,0
BRDA:78,8,1,0
BRDA:79,9,0,0
BRDA:79,9,1,0
BRDA:86,10,0,0
BRDA:86,10,1,0
BRDA:99,11,0,0
BRDA:99,11,1,0
BRDA:110,12,0,0
BRDA:110,12,1,0
BRDA:130,13,0,0
BRDA:130,13,1,0
BRDA:130,14,0,0
BRDA:130,14,1,0
BRDA:135,15,0,0
BRDA:135,15,1,0
BRF:30
BRH:0
end_of_record
TN:
SF:services\scheduleImportService.js
FN:9,(anonymous_0)
FN:21,(anonymous_1)
FN:22,(anonymous_2)
FN:34,(anonymous_3)
FNF:4
FNH:0
FNDA:0,(anonymous_0)
FNDA:0,(anonymous_1)
FNDA:0,(anonymous_2)
FNDA:0,(anonymous_3)
DA:9,1
DA:11,0
DA:12,0
DA:14,0
DA:15,0
DA:18,0
DA:19,0
DA:21,0
DA:22,0
DA:25,0
DA:26,0
DA:27,0
DA:29,0
DA:31,0
DA:34,0
DA:35,0
DA:38,0
DA:39,0
DA:40,0
DA:43,0
DA:44,0
DA:47,0
DA:48,0
DA:49,0
DA:50,0
DA:51,0
DA:52,0
DA:53,0
DA:55,0
DA:58,0
DA:61,0
DA:62,0
DA:63,0
DA:65,0
DA:66,0
DA:67,0
DA:69,0
DA:70,0
DA:71,0
DA:74,0
DA:75,0
DA:76,0
DA:77,0
DA:80,0
DA:81,0
DA:82,0
DA:83,0
DA:86,0
DA:94,0
DA:95,0
DA:98,0
DA:99,0
DA:105,0
DA:106,0
DA:107,0
DA:108,0
DA:110,0
DA:112,0
DA:115,0
DA:116,0
DA:118,0
LF:61
LH:1
BRDA:29,0,0,0
BRDA:29,0,1,0
BRDA:35,1,0,0
BRDA:35,1,1,0
BRDA:44,2,0,0
BRDA:44,2,1,0
BRDA:51,3,0,0
BRDA:51,3,1,0
BRDA:53,4,0,0
BRDA:53,4,1,0
BRDA:53,5,0,0
BRDA:53,5,1,0
BRDA:53,5,2,0
BRDA:58,6,0,0
BRDA:58,6,1,0
BRDA:58,7,0,0
BRDA:58,7,1,0
BRDA:58,7,2,0
BRDA:61,8,0,0
BRDA:61,8,1,0
BRDA:65,9,0,0
BRDA:65,9,1,0
BRDA:65,10,0,0
BRDA:65,10,1,0
BRDA:69,11,0,0
BRDA:69,11,1,0
BRDA:75,12,0,0
BRDA:75,12,1,0
BRDA:81,13,0,0
BRDA:81,13,1,0
BRDA:94,14,0,0
BRDA:94,14,1,0
BRDA:98,15,0,0
BRDA:98,15,1,0
BRDA:115,16,0,0
BRDA:115,16,1,0
BRDA:118,17,0,0
BRDA:118,17,1,0
BRF:38
BRH:0
end_of_record
