TN:
SF:services\stockService.js
FN:20,(anonymous_0)
FN:22,(anonymous_1)
FN:43,(anonymous_2)
FN:81,(anonymous_3)
FN:148,(anonymous_4)
FN:203,(anonymous_5)
FN:232,(anonymous_6)
FN:313,(anonymous_7)
FN:346,(anonymous_8)
FN:368,(anonymous_9)
FN:407,(anonymous_10)
FN:446,(anonymous_11)
FN:477,(anonymous_12)
FN:531,(anonymous_13)
FNF:14
FNH:5
FNDA:4,(anonymous_0)
FNDA:4,(anonymous_1)
FNDA:2,(anonymous_2)
FNDA:0,(anonymous_3)
FNDA:0,(anonymous_4)
FNDA:4,(anonymous_5)
FNDA:4,(anonymous_6)
FNDA:0,(anonymous_7)
FNDA:0,(anonymous_8)
FNDA:0,(anonymous_9)
FNDA:0,(anonymous_10)
FNDA:0,(anonymous_11)
FNDA:0,(anonymous_12)
FNDA:0,(anonymous_13)
DA:20,1
DA:21,4
DA:22,4
DA:25,4
DA:27,4
DA:28,4
DA:30,4
DA:31,1
DA:35,3
DA:36,1
DA:37,0
DA:43,1
DA:44,2
DA:58,2
DA:71,3
DA:81,1
DA:89,0
DA:90,0
DA:92,0
DA:93,0
DA:96,0
DA:97,0
DA:99,0
DA:103,0
DA:105,0
DA:111,0
DA:112,0
DA:119,0
DA:120,0
DA:123,0
DA:124,0
DA:135,0
DA:136,0
DA:138,0
DA:139,0
DA:141,0
DA:148,1
DA:149,0
DA:150,0
DA:152,0
DA:153,0
DA:154,0
DA:157,0
DA:161,0
DA:163,0
DA:165,0
DA:166,0
DA:172,0
DA:173,0
DA:177,0
DA:179,0
DA:180,0
DA:190,0
DA:191,0
DA:193,0
DA:194,0
DA:196,0
DA:203,1
DA:212,4
DA:213,4
DA:215,4
DA:217,4
DA:218,0
DA:219,0
DA:220,0
DA:222,0
DA:226,0
DA:227,0
DA:232,4
DA:240,4
DA:243,3
DA:251,4
DA:254,4
DA:255,4
DA:257,4
DA:260,0
DA:261,0
DA:263,0
DA:264,0
DA:268,0
DA:269,0
DA:272,0
DA:278,0
DA:279,0
DA:283,0
DA:284,0
DA:285,0
DA:294,0
DA:298,4
DA:299,3
DA:300,3
DA:309,3
DA:312,0
DA:313,0
DA:314,0
DA:315,0
DA:317,0
DA:318,0
DA:326,0
DA:329,0
DA:333,2
DA:334,2
DA:336,2
DA:337,2
DA:339,4
DA:346,1
DA:353,0
DA:368,1
DA:369,0
DA:370,0
DA:371,0
DA:373,0
DA:374,0
DA:375,0
DA:377,0
DA:378,0
DA:380,0
DA:386,0
DA:388,0
DA:390,0
DA:391,0
DA:401,0
DA:403,0
DA:407,1
DA:408,0
DA:409,0
DA:410,0
DA:412,0
DA:413,0
DA:414,0
DA:416,0
DA:417,0
DA:419,0
DA:425,0
DA:427,0
DA:429,0
DA:430,0
DA:440,0
DA:442,0
DA:446,1
DA:447,0
DA:448,0
DA:449,0
DA:450,0
DA:451,0
DA:453,0
DA:470,0
DA:471,0
DA:473,0
DA:477,1
DA:478,0
DA:479,0
DA:480,0
DA:498,0
DA:500,0
DA:501,0
DA:502,0
DA:505,0
DA:506,0
DA:507,0
DA:510,0
DA:511,0
DA:512,0
DA:515,0
DA:518,0
DA:519,0
DA:522,0
DA:524,0
DA:525,0
DA:527,0
DA:531,1
DA:532,0
DA:533,0
DA:535,0
DA:536,0
DA:541,0
DA:542,0
DA:544,0
DA:545,0
DA:553,0
DA:558,0
DA:559,0
DA:561,0
DA:562,0
DA:564,0
LF:185
LH:43
BRDA:30,0,0,1
BRDA:30,0,1,3
BRDA:35,1,0,1
BRDA:35,1,1,2
BRDA:36,2,0,0
BRDA:36,2,1,1
BRDA:36,3,0,1
BRDA:36,3,1,1
BRDA:47,4,0,2
BRDA:47,4,1,2
BRDA:96,5,0,0
BRDA:96,5,1,0
BRDA:111,6,0,0
BRDA:111,6,1,0
BRDA:114,7,0,0
BRDA:114,7,1,0
BRDA:123,8,0,0
BRDA:123,8,1,0
BRDA:154,9,0,0
BRDA:154,9,1,0
BRDA:163,10,0,0
BRDA:163,10,1,0
BRDA:165,11,0,0
BRDA:165,11,1,0
BRDA:172,12,0,0
BRDA:172,12,1,0
BRDA:179,13,0,0
BRDA:179,13,1,0
BRDA:217,14,0,0
BRDA:217,14,1,4
BRDA:217,15,0,4
BRDA:217,15,1,4
BRDA:218,16,0,0
BRDA:218,16,1,0
BRDA:219,17,0,0
BRDA:219,17,1,0
BRDA:220,18,0,0
BRDA:220,18,1,0
BRDA:226,19,0,0
BRDA:226,19,1,0
BRDA:235,20,0,4
BRDA:235,20,1,4
BRDA:236,21,0,4
BRDA:236,21,1,4
BRDA:254,22,0,4
BRDA:254,22,1,3
BRDA:255,23,0,2
BRDA:255,23,1,2
BRDA:257,24,0,0
BRDA:257,24,1,0
BRDA:257,24,2,0
BRDA:257,24,3,4
BRDA:257,24,4,0
BRDA:257,24,5,0
BRDA:260,25,0,0
BRDA:260,25,1,0
BRDA:260,26,0,0
BRDA:260,26,1,0
BRDA:263,27,0,0
BRDA:263,27,1,0
BRDA:263,28,0,0
BRDA:263,28,1,0
BRDA:268,29,0,0
BRDA:268,29,1,0
BRDA:278,30,0,0
BRDA:278,30,1,0
BRDA:298,31,0,1
BRDA:298,31,1,3
BRDA:312,32,0,0
BRDA:312,32,1,0
BRDA:313,33,0,0
BRDA:313,33,1,0
BRDA:314,34,0,0
BRDA:314,34,1,0
BRDA:315,35,0,0
BRDA:315,35,1,0
BRDA:446,36,0,0
BRDA:446,37,0,0
BRDA:500,38,0,0
BRDA:500,38,1,0
BRDA:505,39,0,0
BRDA:505,39,1,0
BRDA:510,40,0,0
BRDA:510,40,1,0
BRDA:515,41,0,0
BRDA:515,41,1,0
BRDA:541,42,0,0
BRDA:541,42,1,0
BRF:88
BRH:23
end_of_record
